<?xml version="1.0" encoding="UTF-8"?>
<testsuite xmlns:xsi="http://www.w3.org/2001/XMLSchema-instance" xsi:noNamespaceSchemaLocation="https://maven.apache.org/surefire/maven-surefire-plugin/xsd/surefire-test-report.xsd" name="TestSuite" time="70.469" tests="3" errors="0" skipped="0" failures="0">
  <properties>
[...]
</properties>
  <testcase name="TC_01_Register_With_Valid_User_Name_Password" classname="user.User_01_Register_Login" time="20.299"/>
  <testcase name="TC_02_Logout" classname="user.User_01_Register_Login" time="16.643"/>
  <testcase name="TC_03_Login_With_Valid_User_Name_Password" classname="user.User_01_Register_Login" time="4.446"/>
</testsuite>