<?xml version="1.0" encoding="UTF-8"?>
<testng-results ignored="0" total="3" passed="3" failed="0" skipped="0">
  <reporter-output>
    <line>
      <![CDATA[[INFO ] [2021-12-06 10:54:50,231] Pre-condition - Step 01:Init browser 'chrome' And go to Homepage to: https://www.deerberg.de/de
]]>
    </line>
    <line>
      <![CDATA[[INFO ] [2021-12-06 10:55:15,641] TC_01_Register_With_Valid_User_Name_Password - Step 2: Verify 'Wordpress page home page' is displayed
]]>
    </line>
    <line>
      <![CDATA[[INFO ] [2021-12-06 10:55:15,810]  -------------------------- PASSED -------------------------- 
]]>
    </line>
    <line>
      <![CDATA[[INFO ] [2021-12-06 10:55:15,812] TC_01_Register_With_Valid_User_Name_Password - Step 3: Verify 'Cookie consent' is displayed
]]>
    </line>
    <line>
      <![CDATA[[INFO ] [2021-12-06 10:55:15,881]  -------------------------- PASSED -------------------------- 
]]>
    </line>
    <line>
      <![CDATA[[INFO ] [2021-12-06 10:55:15,881] TC_01_Register_With_Valid_User_Name_Password - Step 4: Click on 'accept Cookie Consent' button
]]>
    </line>
    <line>
      <![CDATA[[INFO ] [2021-12-06 10:55:16,018] TC_01_Register_With_Valid_User_Name_Password - Step 5: Click on 'My account' on header
]]>
    </line>
    <line>
      <![CDATA[[INFO ] [2021-12-06 10:55:26,054] TC_01_Register_With_Valid_User_Name_Password - Step 6: Check and close 'promo layer'
]]>
    </line>
    <line>
      <![CDATA[[INFO ] [2021-12-06 10:55:26,848] TC_01_Register_With_Valid_User_Name_Password - Step 7: Click on 'Register' button
]]>
    </line>
    <line>
      <![CDATA[[INFO ] [2021-12-06 10:55:28,001] TC_01_Register_With_Valid_User_Name_Password - Step 8: Select 'Gender' dropdown
]]>
    </line>
    <line>
      <![CDATA[[INFO ] [2021-12-06 10:55:28,312] TC_01_Register_With_Valid_User_Name_Password - Step 9: Input 'First name' textbox
]]>
    </line>
    <line>
      <![CDATA[[INFO ] [2021-12-06 10:55:28,558] TC_01_Register_With_Valid_User_Name_Password - Step 10: Input 'Last name' textbox
]]>
    </line>
    <line>
      <![CDATA[[INFO ] [2021-12-06 10:55:29,371] TC_01_Register_With_Valid_User_Name_Password - Step 11: Input 'Email' textbox: postmaster+de15558@deerberg.dev.mgm-tp.com
]]>
    </line>
    <line>
      <![CDATA[[INFO ] [2021-12-06 10:55:29,691] TC_01_Register_With_Valid_User_Name_Password - Step 12: Input 'Password' textbox: 123123123
]]>
    </line>
    <line>
      <![CDATA[[INFO ] [2021-12-06 10:55:30,060] TC_01_Register_With_Valid_User_Name_Password - Step 13: Check on 'Comfirmation' checkbox
]]>
    </line>
    <line>
      <![CDATA[[INFO ] [2021-12-06 10:55:30,188] TC_01_Register_With_Valid_User_Name_Password - Step 14: Click on 'Register submit' button
]]>
    </line>
    <line>
      <![CDATA[[INFO ] [2021-12-06 10:55:30,379] TC_01_Register_With_Valid_User_Name_Password - Step 15: Verify 'Logout' button on header is displayed
]]>
    </line>
    <line>
      <![CDATA[[INFO ] [2021-12-06 10:55:35,594]  -------------------------- PASSED -------------------------- 
]]>
    </line>
    <line>
      <![CDATA[[INFO ] [2021-12-06 10:55:35,594] TC_01_Register_With_Valid_User_Name_Password - Step 16: Verify 'Register success msg' is displayed
]]>
    </line>
    <line>
      <![CDATA[[INFO ] [2021-12-06 10:55:35,714]  -------------------------- PASSED -------------------------- 
]]>
    </line>
    <line>
      <![CDATA[[INFO ] [2021-12-06 10:55:35,714] TC_01_Register_With_Valid_User_Name_Password - Step 17: Verify 'User's full name'
]]>
    </line>
    <line>
      <![CDATA[[INFO ] [2021-12-06 10:55:35,771]  -------------------------- PASSED -------------------------- 
]]>
    </line>
    <line>
      <![CDATA[[INFO ] [2021-12-06 10:55:35,942] TC_02_Logout - Step 1: Click on 'Logout' button on header
]]>
    </line>
    <line>
      <![CDATA[[INFO ] [2021-12-06 10:55:37,385] TC_02_Logout - Step 2: Verify 'Wordpress page home page' is displayed
]]>
    </line>
    <line>
      <![CDATA[[INFO ] [2021-12-06 10:55:37,500]  -------------------------- PASSED -------------------------- 
]]>
    </line>
    <line>
      <![CDATA[[INFO ] [2021-12-06 10:55:37,501] TC_02_Logout - Step 3: Verify 'Logout' button on header is undisplayed
]]>
    </line>
    <line>
      <![CDATA[[INFO ] [2021-12-06 10:55:52,568]  -------------------------- PASSED -------------------------- 
]]>
    </line>
    <line>
      <![CDATA[[INFO ] [2021-12-06 10:55:52,588] TC_03_Login_With_Valid_User_Name_Password - Step 1: Click on 'My account' on header
]]>
    </line>
    <line>
      <![CDATA[[INFO ] [2021-12-06 10:55:53,720] TC_03_Login_With_Valid_User_Name_Password - Step 2: Input 'Email' textbox: postmaster+de15558@deerberg.dev.mgm-tp.com
]]>
    </line>
    <line>
      <![CDATA[[INFO ] [2021-12-06 10:55:54,000] TC_03_Login_With_Valid_User_Name_Password - Step 3: Input 'Password' textbox: 123123123
]]>
    </line>
    <line>
      <![CDATA[[INFO ] [2021-12-06 10:55:54,574] TC_03_Login_With_Valid_User_Name_Password - Step 4: Click on 'Login' submit button
]]>
    </line>
    <line>
      <![CDATA[[INFO ] [2021-12-06 10:55:56,312] TC_03_Login_With_Valid_User_Name_Password - Step 5: Verify 'Logout' button on header is displayed
]]>
    </line>
    <line>
      <![CDATA[[INFO ] [2021-12-06 10:55:56,914]  -------------------------- PASSED -------------------------- 
]]>
    </line>
    <line>
      <![CDATA[[INFO ] [2021-12-06 10:55:56,914] TC_03_Login_With_Valid_User_Name_Password - Step 6: Verify 'User's full name'
]]>
    </line>
    <line>
      <![CDATA[[INFO ] [2021-12-06 10:55:57,018]  -------------------------- PASSED -------------------------- 
]]>
    </line>
    <line>
      <![CDATA[[INFO ] [2021-12-06 10:55:57,018] TC_03_Login_With_Valid_User_Name_Password - Step 7: Get all 'Cookies logged-in'
]]>
    </line>
    <line>
      <![CDATA[[INFO ] [2021-12-06 10:55:57,037] Close browser
]]>
    </line>
    <line>
      <![CDATA[[INFO ] [2021-12-06 10:55:57,037] OS name = windows 10
]]>
    </line>
    <line>
      <![CDATA[[INFO ] [2021-12-06 10:55:57,037] Driver instance name = windows 10
]]>
    </line>
  </reporter-output>
  <suite started-at="2021-12-06T03:54:50Z" name="Run Test Case Class" finished-at="2021-12-06T03:55:58Z" duration-ms="68164">
    <groups>
    </groups>
    <test started-at="2021-12-06T03:54:50Z" name="Test on DE_de" finished-at="2021-12-06T03:55:58Z" duration-ms="68164">
      <class name="user.User_01_Register_Login">
        <test-method is-config="true" signature="initBrowser(java.lang.String, java.lang.String)[pri:0, instance:user.User_01_Register_Login@7cf283e1]" started-at="2021-12-06T03:54:50Z" name="initBrowser" finished-at="2021-12-06T03:55:15Z" duration-ms="25369" status="PASS">
          <params>
            <param index="0">
              <value>
                <![CDATA[chrome]]>
              </value>
            </param>
            <param index="1">
              <value>
                <![CDATA[https://www.deerberg.de/de]]>
              </value>
            </param>
          </params>
          <reporter-output>
            <line>
              <![CDATA[[INFO ] [2021-12-06 10:54:50,231] Pre-condition - Step 01:Init browser 'chrome' And go to Homepage to: https://www.deerberg.de/de
]]>
            </line>
          </reporter-output>
        </test-method> <!-- initBrowser -->
        <test-method signature="TC_01_Register_With_Valid_User_Name_Password()[pri:0, instance:user.User_01_Register_Login@7cf283e1]" started-at="2021-12-06T03:55:15Z" name="TC_01_Register_With_Valid_User_Name_Password" finished-at="2021-12-06T03:55:35Z" duration-ms="20200" status="PASS">
          <reporter-output>
            <line>
              <![CDATA[[INFO ] [2021-12-06 10:55:15,641] TC_01_Register_With_Valid_User_Name_Password - Step 2: Verify 'Wordpress page home page' is displayed
]]>
            </line>
            <line>
              <![CDATA[[INFO ] [2021-12-06 10:55:15,810]  -------------------------- PASSED -------------------------- 
]]>
            </line>
            <line>
              <![CDATA[[INFO ] [2021-12-06 10:55:15,812] TC_01_Register_With_Valid_User_Name_Password - Step 3: Verify 'Cookie consent' is displayed
]]>
            </line>
            <line>
              <![CDATA[[INFO ] [2021-12-06 10:55:15,881]  -------------------------- PASSED -------------------------- 
]]>
            </line>
            <line>
              <![CDATA[[INFO ] [2021-12-06 10:55:15,881] TC_01_Register_With_Valid_User_Name_Password - Step 4: Click on 'accept Cookie Consent' button
]]>
            </line>
            <line>
              <![CDATA[[INFO ] [2021-12-06 10:55:16,018] TC_01_Register_With_Valid_User_Name_Password - Step 5: Click on 'My account' on header
]]>
            </line>
            <line>
              <![CDATA[[INFO ] [2021-12-06 10:55:26,054] TC_01_Register_With_Valid_User_Name_Password - Step 6: Check and close 'promo layer'
]]>
            </line>
            <line>
              <![CDATA[[INFO ] [2021-12-06 10:55:26,848] TC_01_Register_With_Valid_User_Name_Password - Step 7: Click on 'Register' button
]]>
            </line>
            <line>
              <![CDATA[[INFO ] [2021-12-06 10:55:28,001] TC_01_Register_With_Valid_User_Name_Password - Step 8: Select 'Gender' dropdown
]]>
            </line>
            <line>
              <![CDATA[[INFO ] [2021-12-06 10:55:28,312] TC_01_Register_With_Valid_User_Name_Password - Step 9: Input 'First name' textbox
]]>
            </line>
            <line>
              <![CDATA[[INFO ] [2021-12-06 10:55:28,558] TC_01_Register_With_Valid_User_Name_Password - Step 10: Input 'Last name' textbox
]]>
            </line>
            <line>
              <![CDATA[[INFO ] [2021-12-06 10:55:29,371] TC_01_Register_With_Valid_User_Name_Password - Step 11: Input 'Email' textbox: postmaster+de15558@deerberg.dev.mgm-tp.com
]]>
            </line>
            <line>
              <![CDATA[[INFO ] [2021-12-06 10:55:29,691] TC_01_Register_With_Valid_User_Name_Password - Step 12: Input 'Password' textbox: 123123123
]]>
            </line>
            <line>
              <![CDATA[[INFO ] [2021-12-06 10:55:30,060] TC_01_Register_With_Valid_User_Name_Password - Step 13: Check on 'Comfirmation' checkbox
]]>
            </line>
            <line>
              <![CDATA[[INFO ] [2021-12-06 10:55:30,188] TC_01_Register_With_Valid_User_Name_Password - Step 14: Click on 'Register submit' button
]]>
            </line>
            <line>
              <![CDATA[[INFO ] [2021-12-06 10:55:30,379] TC_01_Register_With_Valid_User_Name_Password - Step 15: Verify 'Logout' button on header is displayed
]]>
            </line>
            <line>
              <![CDATA[[INFO ] [2021-12-06 10:55:35,594]  -------------------------- PASSED -------------------------- 
]]>
            </line>
            <line>
              <![CDATA[[INFO ] [2021-12-06 10:55:35,594] TC_01_Register_With_Valid_User_Name_Password - Step 16: Verify 'Register success msg' is displayed
]]>
            </line>
            <line>
              <![CDATA[[INFO ] [2021-12-06 10:55:35,714]  -------------------------- PASSED -------------------------- 
]]>
            </line>
            <line>
              <![CDATA[[INFO ] [2021-12-06 10:55:35,714] TC_01_Register_With_Valid_User_Name_Password - Step 17: Verify 'User's full name'
]]>
            </line>
            <line>
              <![CDATA[[INFO ] [2021-12-06 10:55:35,771]  -------------------------- PASSED -------------------------- 
]]>
            </line>
          </reporter-output>
        </test-method> <!-- TC_01_Register_With_Valid_User_Name_Password -->
        <test-method signature="TC_02_Logout()[pri:0, instance:user.User_01_Register_Login@7cf283e1]" started-at="2021-12-06T03:55:35Z" name="TC_02_Logout" finished-at="2021-12-06T03:55:52Z" duration-ms="16628" status="PASS">
          <reporter-output>
            <line>
              <![CDATA[[INFO ] [2021-12-06 10:55:35,942] TC_02_Logout - Step 1: Click on 'Logout' button on header
]]>
            </line>
            <line>
              <![CDATA[[INFO ] [2021-12-06 10:55:37,385] TC_02_Logout - Step 2: Verify 'Wordpress page home page' is displayed
]]>
            </line>
            <line>
              <![CDATA[[INFO ] [2021-12-06 10:55:37,500]  -------------------------- PASSED -------------------------- 
]]>
            </line>
            <line>
              <![CDATA[[INFO ] [2021-12-06 10:55:37,501] TC_02_Logout - Step 3: Verify 'Logout' button on header is undisplayed
]]>
            </line>
            <line>
              <![CDATA[[INFO ] [2021-12-06 10:55:52,568]  -------------------------- PASSED -------------------------- 
]]>
            </line>
          </reporter-output>
        </test-method> <!-- TC_02_Logout -->
        <test-method signature="TC_03_Login_With_Valid_User_Name_Password()[pri:0, instance:user.User_01_Register_Login@7cf283e1]" started-at="2021-12-06T03:55:52Z" name="TC_03_Login_With_Valid_User_Name_Password" finished-at="2021-12-06T03:55:57Z" duration-ms="4447" status="PASS">
          <reporter-output>
            <line>
              <![CDATA[[INFO ] [2021-12-06 10:55:52,588] TC_03_Login_With_Valid_User_Name_Password - Step 1: Click on 'My account' on header
]]>
            </line>
            <line>
              <![CDATA[[INFO ] [2021-12-06 10:55:53,720] TC_03_Login_With_Valid_User_Name_Password - Step 2: Input 'Email' textbox: postmaster+de15558@deerberg.dev.mgm-tp.com
]]>
            </line>
            <line>
              <![CDATA[[INFO ] [2021-12-06 10:55:54,000] TC_03_Login_With_Valid_User_Name_Password - Step 3: Input 'Password' textbox: 123123123
]]>
            </line>
            <line>
              <![CDATA[[INFO ] [2021-12-06 10:55:54,574] TC_03_Login_With_Valid_User_Name_Password - Step 4: Click on 'Login' submit button
]]>
            </line>
            <line>
              <![CDATA[[INFO ] [2021-12-06 10:55:56,312] TC_03_Login_With_Valid_User_Name_Password - Step 5: Verify 'Logout' button on header is displayed
]]>
            </line>
            <line>
              <![CDATA[[INFO ] [2021-12-06 10:55:56,914]  -------------------------- PASSED -------------------------- 
]]>
            </line>
            <line>
              <![CDATA[[INFO ] [2021-12-06 10:55:56,914] TC_03_Login_With_Valid_User_Name_Password - Step 6: Verify 'User's full name'
]]>
            </line>
            <line>
              <![CDATA[[INFO ] [2021-12-06 10:55:57,018]  -------------------------- PASSED -------------------------- 
]]>
            </line>
            <line>
              <![CDATA[[INFO ] [2021-12-06 10:55:57,018] TC_03_Login_With_Valid_User_Name_Password - Step 7: Get all 'Cookies logged-in'
]]>
            </line>
          </reporter-output>
        </test-method> <!-- TC_03_Login_With_Valid_User_Name_Password -->
        <test-method is-config="true" signature="afterClass()[pri:0, instance:user.User_01_Register_Login@7cf283e1]" started-at="2021-12-06T03:55:57Z" name="afterClass" finished-at="2021-12-06T03:55:58Z" duration-ms="1296" status="PASS">
          <reporter-output>
            <line>
              <![CDATA[[INFO ] [2021-12-06 10:55:57,037] Close browser
]]>
            </line>
            <line>
              <![CDATA[[INFO ] [2021-12-06 10:55:57,037] OS name = windows 10
]]>
            </line>
            <line>
              <![CDATA[[INFO ] [2021-12-06 10:55:57,037] Driver instance name = windows 10
]]>
            </line>
          </reporter-output>
        </test-method> <!-- afterClass -->
      </class> <!-- user.User_01_Register_Login -->
    </test> <!-- Test on DE_de -->
  </suite> <!-- Run Test Case Class -->
</testng-results>
