<?xml version="1.0" encoding="UTF-8"?>
<!-- Generated by org.testng.reporters.JUnitXMLReporter -->
<testsuite ignored="0" hostname="vinhnnb" failures="0" tests="3" name="Test on DE_de" time="65.445" errors="0" timestamp="06 Dec 2021 02:51:00 GMT">
  <testcase classname="user.User_01_Register_Login" name="TC_01_Register_With_Valid_User_Name_Password" time="24.211"/>
  <testcase classname="user.User_01_Register_Login" name="TC_02_Logout" time="16.517"/>
  <testcase classname="user.User_01_Register_Login" name="TC_03_Login_With_Valid_User_Name_Password" time="3.64"/>
</testsuite> <!-- Test on DE_de -->
